#
# A fatal error has been detected by the Java Runtime Environment:
#
#  SIGSEGV (0xb) at pc=0x000000011320263b, pid=68893, tid=0x0000000000000103
#
# JRE version: Java(TM) SE Runtime Environment (8.0_321-b07) (build 1.8.0_321-b07)
# Java VM: Java HotSpot(TM) 64-Bit Server VM (25.321-b07 mixed mode bsd-amd64 compressed oops)
# Problematic frame:
# C  [grid.so+0x1e63b]  initVP+0xab
#
# Failed to write core dump. Core dumps have been disabled. To enable core dumping, try "ulimit -c unlimited" before starting Java again
#
# If you would like to submit a bug report, please visit:
#   http://bugreport.java.com/bugreport/crash.jsp
# The crash happened outside the Java Virtual Machine in native code.
# See problematic frame for where to report the bug.
#

---------------  T H R E A D  ---------------

Current thread (0x00007fcce5f5a800):  JavaThread "main" [_thread_in_native, id=259, stack(0x000000030e121000,0x000000030e921000)]

siginfo: si_signo: 11 (SIGSEGV), si_code: 1 (SEGV_MAPERR), si_addr: 0x00000000e0000018

Registers:
RAX=0x00000000e0000018, RBX=0x00007fcba4e1ab88, RCX=0x000000010fb766d8, RDX=0x0000000000000031
RSP=0x000000030e914910, RBP=0x000000030e914940, RSI=0x00007fcd08038000, RDI=0x0000000000000032
R8 =0x0000000000796a4d, R9 =0x000000010fb75ee0, R10=0x000000000000000f, R11=0x00007fcd080a2650
R12=0x0000600019ba1800, R13=0x00007fcb911a95e0, R14=0x0000600019ba1800, R15=0x00007fccf18a2788
RIP=0x000000011320263b, EFLAGS=0x0000000000000287, ERR=0x0000000000000004
  TRAPNO=0x000000000000000e

Top of Stack: (sp=0x000000030e914910)
0x000000030e914910:   00006000012240c0 000000030e914960
0x000000030e914920:   00007fcb9dd8c6c0 000000010fb766c0
0x000000030e914930:   0000600019ba1800 00007fcd02014ae0
0x000000030e914940:   000000030e914ab0 00000001131fb2d2
0x000000030e914950:   00006000012240c0 00007fcd02014ae0
0x000000030e914960:   ffffffffff000000 3ff0000000000000
0x000000030e914970:   3ff0000000000000 0000000100000000
0x000000030e914980:   0000000300000001 4024000000000000
0x000000030e914990:   3ff0000000000000 4028000000000000
0x000000030e9149a0:   3ff3333333333333 00007f0000000001
0x000000030e9149b0:   000000030e9149f0 000000010f7a81c4
0x000000030e9149c0:   000000010fb766d8 00007fcb9dd8c6f8
0x000000030e9149d0:   00007fcb9a21d150 000000010fb766c0
0x000000030e9149e0:   00007fcb9dd8c6c0 00007fcb9a21d150
0x000000030e9149f0:   000000030e914a40 000000010f7a42a3
0x000000030e914a00:   000000010fb76778 000000010fb76770
0x000000030e914a10:   0000000100000003 00007fcb9dd8c6f8
0x000000030e914a20:   000000010fb766d8 00007fccebb70000
0x000000030e914a30:   4e3fb2b02d8700bc 00007fccebb70000
0x000000030e914a40:   0000600019ba1800 00007fcd02014ae0
0x000000030e914a50:   00007fcb9dd8c6c0 00007fcb9dd8c6c0
0x000000030e914a60:   000000030e914ab0 0000000112df1130
0x000000030e914a70:   4e3fb2b02d8700bc 00007fcd02014ae0
0x000000030e914a80:   4e3fb2b02d8700bc 0000000000000007
0x000000030e914a90:   0000000000000002 000000010fb766c0
0x000000030e914aa0:   00007fcb9dd8c6c0 0000600019ba1800
0x000000030e914ab0:   000000030e914af0 000000010f7b0530
0x000000030e914ac0:   0000000000000000 000000000000001e
0x000000030e914ad0:   0000600019ba1800 0000000000000000
0x000000030e914ae0:   0000600001b9be00 000000010fb766c0
0x000000030e914af0:   000000030e914b20 000000010f7b077a
0x000000030e914b00:   000000030e914fa0 0000000000000001 

Instructions: (pc=0x000000011320263b)
0x000000011320261b:   00 00 be 02 00 00 00 bf 0e 00 00 00 e8 6c 02 00
0x000000011320262b:   00 48 89 c3 48 89 c7 e8 2d 03 00 00 49 8b 04 24
0x000000011320263b:   4c 8b 30 48 89 df e8 e0 01 00 00 4c 89 30 49 8b
0x000000011320264b:   04 24 4c 8b 70 08 48 89 df e8 cd 01 00 00 4c 89 

Register to memory mapping:

RAX=0x00000000e0000018 is an unknown value
RBX=0x00007fcba4e1ab88 is an unknown value
RCX=0x000000010fb766d8: R_PPStackTop+0 in /Library/Frameworks/R.framework/Versions/4.1/Resources/lib/libR.dylib at 0x000000010f712000
RDX=0x0000000000000031 is an unknown value
RSP=0x000000030e914910 is pointing into the stack for thread: 0x00007fcce5f5a800
RBP=0x000000030e914940 is pointing into the stack for thread: 0x00007fcce5f5a800
RSI=0x00007fcd08038000 is an unknown value
RDI=0x0000000000000032 is an unknown value
R8 =0x0000000000796a4d is an unknown value
R9 =0x000000010fb75ee0: R_EvalDepth+0 in /Library/Frameworks/R.framework/Versions/4.1/Resources/lib/libR.dylib at 0x000000010f712000
R10=0x000000000000000f is an unknown value
R11=0x00007fcd080a2650 is an unknown value
R12=0x0000600019ba1800 is an unknown value
R13=0x00007fcb911a95e0 is an unknown value
R14=0x0000600019ba1800 is an unknown value
R15=0x00007fccf18a2788 is an unknown value


Stack: [0x000000030e121000,0x000000030e921000],  sp=0x000000030e914910,  free space=8142k
Native frames: (J=compiled Java code, j=interpreted, Vv=VM code, C=native code)
C  [grid.so+0x1e63b]  initVP+0xab
C  [grid.so+0x172d2]  gridCallback+0x322
C  [libR.dylib+0x9e530]  GEplayDisplayList+0x60
C  [libR.dylib+0x9e77a]  GEcopyDisplayList+0x9a
C  [rsession+0x9edd30]  _ZN13rstudio_boost4asio6detail24descriptor_write_op_baseINS0_15const_buffers_1EE10do_performEPNS1_10reactor_opE+0x7ce30
C  [libR.dylib+0x8724c]  R_doDotCall+0x58c
C  [libR.dylib+0x88bfe]  do_dotcall+0x14e
C  [libR.dylib+0xb89f6]  Rf_eval+0x5c6
C  [libR.dylib+0xd692c]  forcePromise+0xac
C  [libR.dylib+0xe1f7a]  getvar+0x30a
C  [libR.dylib+0xbc737]  bcEval+0x3ad7
C  [libR.dylib+0xb85b1]  Rf_eval+0x181
C  [libR.dylib+0xd692c]  forcePromise+0xac
C  [libR.dylib+0xe1f7a]  getvar+0x30a
C  [libR.dylib+0xbc737]  bcEval+0x3ad7
C  [libR.dylib+0xb85b1]  Rf_eval+0x181
C  [libR.dylib+0xd692c]  forcePromise+0xac
C  [libR.dylib+0xe1f7a]  getvar+0x30a
C  [libR.dylib+0xbc737]  bcEval+0x3ad7
C  [libR.dylib+0xb85b1]  Rf_eval+0x181
C  [libR.dylib+0xd692c]  forcePromise+0xac
C  [libR.dylib+0xe1f7a]  getvar+0x30a
C  [libR.dylib+0xbc737]  bcEval+0x3ad7
C  [libR.dylib+0xb85b1]  Rf_eval+0x181
C  [libR.dylib+0xd8429]  R_execClosure+0x879
C  [libR.dylib+0xd7217]  Rf_applyClosure+0x1d7
C  [libR.dylib+0xbf4fe]  bcEval+0x689e
C  [libR.dylib+0xb85b1]  Rf_eval+0x181
C  [libR.dylib+0xd8429]  R_execClosure+0x879
C  [libR.dylib+0xd7217]  Rf_applyClosure+0x1d7
C  [libR.dylib+0xbf4fe]  bcEval+0x689e
C  [libR.dylib+0xb85b1]  Rf_eval+0x181
C  [libR.dylib+0xd8429]  R_execClosure+0x879
C  [libR.dylib+0xd7217]  Rf_applyClosure+0x1d7
C  [libR.dylib+0xbf4fe]  bcEval+0x689e
C  [libR.dylib+0xb85b1]  Rf_eval+0x181
C  [libR.dylib+0xd8429]  R_execClosure+0x879
C  [libR.dylib+0xd7217]  Rf_applyClosure+0x1d7
C  [libR.dylib+0xb8a6b]  Rf_eval+0x63b
C  [libR.dylib+0xdadce]  do_begin+0x1ce
C  [libR.dylib+0xb87a7]  Rf_eval+0x377
C  [libR.dylib+0xd8429]  R_execClosure+0x879
C  [libR.dylib+0xd7217]  Rf_applyClosure+0x1d7
C  [libR.dylib+0xb8a6b]  Rf_eval+0x63b
C  [libR.dylib+0x73334]  protectedEval+0x24
C  [libR.dylib+0x7320d]  R_ToplevelExec+0x27d
C  [libR.dylib+0x732dc]  R_tryEval+0x2c
C  [rsession+0x9ad40d]  _ZN13rstudio_boost4asio6detail24descriptor_write_op_baseINS0_15const_buffers_1EE10do_performEPNS1_10reactor_opE+0x3c50d
C  [rsession+0x9af018]  _ZN13rstudio_boost4asio6detail24descriptor_write_op_baseINS0_15const_buffers_1EE10do_performEPNS1_10reactor_opE+0x3e118
C  [rsession+0x9aecdf]  _ZN13rstudio_boost4asio6detail24descriptor_write_op_baseINS0_15const_buffers_1EE10do_performEPNS1_10reactor_opE+0x3dddf
C  [rsession+0xa187a1]  _ZN13rstudio_boost4asio6detail24descriptor_write_op_baseINS0_15const_buffers_1EE10do_performEPNS1_10reactor_opE+0xa78a1
C  [rsession+0xa181f3]  _ZN13rstudio_boost4asio6detail24descriptor_write_op_baseINS0_15const_buffers_1EE10do_performEPNS1_10reactor_opE+0xa72f3
C  [rsession+0x9f7211]  _ZN13rstudio_boost4asio6detail24descriptor_write_op_baseINS0_15const_buffers_1EE10do_performEPNS1_10reactor_opE+0x86311
C  [rsession+0x9fc264]  _ZN13rstudio_boost4asio6detail24descriptor_write_op_baseINS0_15const_buffers_1EE10do_performEPNS1_10reactor_opE+0x8b364
C  [rsession+0x9fd38f]  _ZN13rstudio_boost4asio6detail24descriptor_write_op_baseINS0_15const_buffers_1EE10do_performEPNS1_10reactor_opE+0x8c48f
C  [rsession+0xa096ec]  _ZN13rstudio_boost4asio6detail24descriptor_write_op_baseINS0_15const_buffers_1EE10do_performEPNS1_10reactor_opE+0x987ec
C  [rsession+0x3b25e6]  _ZN13rstudio_boost4asio6detail16service_registry6createINS1_23reactive_socket_serviceINS0_5local15stream_protocolEEENS0_10io_contextEEEPNS0_17execution_context7serviceEPv+0x1cd2f6
C  [rsession+0x17aeb9]  _ZN13rstudio_boost4asio6detail30reactive_socket_accept_op_baseINS0_12basic_socketINS0_2ip3tcpEEES5_E10do_performEPNS1_10reactor_opE+0xb18d9
C  [rsession+0x17ab11]  _ZN13rstudio_boost4asio6detail30reactive_socket_accept_op_baseINS0_12basic_socketINS0_2ip3tcpEEES5_E10do_performEPNS1_10reactor_opE+0xb1531
C  [rsession+0x1a0e1b]  _ZN13rstudio_boost4asio6detail30reactive_socket_accept_op_baseINS0_12basic_socketINS0_2ip3tcpEEES5_E10do_performEPNS1_10reactor_opE+0xd783b
C  [rsession+0x10a4ef]  _ZN13rstudio_boost4asio6detail30reactive_socket_accept_op_baseINS0_12basic_socketINS0_2ip3tcpEEES5_E10do_performEPNS1_10reactor_opE+0x40f0f
C  [rsession+0xa1a392]  _ZN13rstudio_boost4asio6detail24descriptor_write_op_baseINS0_15const_buffers_1EE10do_performEPNS1_10reactor_opE+0xa9492
C  [libR.dylib+0x20af56]  R_ProcessEvents+0x36
C  [libR.dylib+0xb034d]  R_CheckUserInterrupt+0x4d
C  [libR.dylib+0xb8474]  Rf_eval+0x44
C  [libR.dylib+0xd6a38]  Rf_evalList+0xa8
C  [libR.dylib+0xb88ea]  Rf_eval+0x4ba
C  [libR.dylib+0xb87a7]  Rf_eval+0x377
C  [libR.dylib+0xd692c]  forcePromise+0xac
C  [libR.dylib+0xe1f7a]  getvar+0x30a
C  [libR.dylib+0xbc737]  bcEval+0x3ad7
C  [libR.dylib+0xb85b1]  Rf_eval+0x181
C  [libR.dylib+0xd8429]  R_execClosure+0x879
C  [libR.dylib+0xd7217]  Rf_applyClosure+0x1d7
C  [libR.dylib+0x122547]  dispatchMethod+0x307
C  [libR.dylib+0x12220f]  Rf_usemethod+0x2df
C  [libR.dylib+0xe24e6]  tryDispatch+0x176
C  [libR.dylib+0xcf979]  bcEval+0x16d19
C  [libR.dylib+0xda704]  R_compileAndExecute+0x2e4
C  [libR.dylib+0xd995d]  do_for+0xdd
C  [libR.dylib+0xb87a7]  Rf_eval+0x377
C  [libR.dylib+0x10db97]  Rf_ReplIteration+0x327
C  [libR.dylib+0x10f291]  R_ReplConsole+0xa1
C  [libR.dylib+0x10f1e2]  run_Rmainloop+0x52
C  [libR.dylib+0x10f31e]  Rf_mainloop+0xe
C  [rsession+0xa19ad0]  _ZN13rstudio_boost4asio6detail24descriptor_write_op_baseINS0_15const_buffers_1EE10do_performEPNS1_10reactor_opE+0xa8bd0
C  [rsession+0x9ecf54]  _ZN13rstudio_boost4asio6detail24descriptor_write_op_baseINS0_15const_buffers_1EE10do_performEPNS1_10reactor_opE+0x7c054
C  [rsession+0x158751]  _ZN13rstudio_boost4asio6detail30reactive_socket_accept_op_baseINS0_12basic_socketINS0_2ip3tcpEEES5_E10do_performEPNS1_10reactor_opE+0x8f171
C  0x0000000205d2b51e
C  0x0000000205d26000


---------------  P R O C E S S  ---------------

Java Threads: ( => current thread )
  0x00007fcc518af800 JavaThread "Service Thread" daemon [_thread_blocked, id=26371, stack(0x0000000310307000,0x0000000310507000)]
  0x00007fcca4ae0000 JavaThread "C1 CompilerThread3" daemon [_thread_blocked, id=38659, stack(0x0000000310204000,0x0000000310304000)]
  0x00007fcb941ce800 JavaThread "C2 CompilerThread2" daemon [_thread_blocked, id=38915, stack(0x0000000310101000,0x0000000310201000)]
  0x00007fcca4a7c000 JavaThread "C2 CompilerThread1" daemon [_thread_blocked, id=25603, stack(0x000000030fffe000,0x00000003100fe000)]
  0x00007fcca4ac8000 JavaThread "C2 CompilerThread0" daemon [_thread_blocked, id=39427, stack(0x000000030fefb000,0x000000030fffb000)]
  0x00007fcca4abc000 JavaThread "Attach Listener" daemon [_thread_blocked, id=39971, stack(0x000000030fcf8000,0x000000030fef8000)]
  0x00007fcc51bec000 JavaThread "Finalizer" daemon [_thread_blocked, id=24607, stack(0x000000030faf5000,0x000000030fcf5000)]
  0x00007fcc51c13000 JavaThread "Reference Handler" daemon [_thread_blocked, id=24099, stack(0x000000030f8f2000,0x000000030faf2000)]
=>0x00007fcce5f5a800 JavaThread "main" [_thread_in_native, id=259, stack(0x000000030e121000,0x000000030e921000)]

Other Threads:
  0x00007fcca4a79000 VMThread [stack: 0x000000030f7ef000,0x000000030f8ef000] [id=40451]
  0x00007fcca4b03000 WatcherThread [stack: 0x000000031050a000,0x000000031060a000] [id=37675]

VM state:not at safepoint (normal execution)

VM Mutex/Monitor currently owned by a thread: None

heap address: 0x00000007a0000000, size: 512 MB, Compressed Oops mode: Zero based, Oop shift amount: 3
Narrow klass base: 0x0000000000000000, Narrow klass shift: 3
Compressed class space size: 1073741824 Address: 0x00000007c0000000

Heap:
 PSYoungGen      total 82944K, used 68424K [0x00000007b5580000, 0x00000007bff00000, 0x00000007c0000000)
  eden space 58880K, 75% used [0x00000007b5580000,0x00000007b8129fd8,0x00000007b8f00000)
  from space 24064K, 98% used [0x00000007b8f00000,0x00000007ba628070,0x00000007ba680000)
  to   space 57344K, 0% used [0x00000007bc700000,0x00000007bc700000,0x00000007bff00000)
 ParOldGen       total 349696K, used 221906K [0x00000007a0000000, 0x00000007b5580000, 0x00000007b5580000)
  object space 349696K, 63% used [0x00000007a0000000,0x00000007ad8b49b0,0x00000007b5580000)
 Metaspace       used 11917K, capacity 12096K, committed 12288K, reserved 1060864K
  class space    used 1396K, capacity 1442K, committed 1536K, reserved 1048576K

Card table byte_map: [0x00000001153c0000,0x00000001154c1000] byte_map_base: 0x00000001116c0000

Marking Bits: (ParMarkBitMap*) 0x000000011d1112e8
 Begin Bits: [0x000000012d7d1000, 0x000000012dfd1000)
 End Bits:   [0x000000012dfd1000, 0x000000012e7d1000)

Polling page: 0x000000011405a000

CodeCache: size=245760Kb used=6212Kb max_used=8478Kb free=239547Kb
 bounds [0x000000011e7d1000, 0x000000011f051000, 0x000000012d7d1000]
 total_blobs=1836 nmethods=1496 adapters=253
 compilation: enabled

Compilation events (10 events):
Event: 8707.831 Thread 0x00007fcca4ae0000 2078       3       java.util.TreeMap$PrivateEntryIterator::nextEntry (54 bytes)
Event: 8707.832 Thread 0x00007fcca4ae0000 nmethod 2078 0x000000011ecec810 code [0x000000011ecec9c0, 0x000000011ececd68]
Event: 8707.832 Thread 0x00007fcb941ce800 2079       4       java.lang.String::<init> (10 bytes)
Event: 8707.833 Thread 0x00007fcb941ce800 nmethod 2079 0x000000011e93b850 code [0x000000011e93b9a0, 0x000000011e93ba18]
Event: 8708.219 Thread 0x00007fcca4ae0000 2080       3       org.apache.xmlbeans.impl.values.XmlObjectBase::invalidate_value (36 bytes)
Event: 8708.220 Thread 0x00007fcca4ae0000 nmethod 2080 0x000000011ed11510 code [0x000000011ed11680, 0x000000011ed117f0]
Event: 8708.220 Thread 0x00007fcca4ae0000 2081       3       org.apache.xmlbeans.impl.store.Xobj::insertCharsHelper (307 bytes)
Event: 8708.221 Thread 0x00007fcca4ae0000 nmethod 2081 0x000000011edfd190 code [0x000000011edfd3c0, 0x000000011edfe3d8]
Event: 8708.233 Thread 0x00007fcca4ae0000 2082       3       java.lang.Class::privateGetPublicMethods (267 bytes)
Event: 8708.235 Thread 0x00007fcca4ae0000 nmethod 2082 0x000000011ebee2d0 code [0x000000011ebee6e0, 0x000000011ebf0468]

GC Heap History (10 events):
Event: 8707.667 GC heap before
{Heap before GC invocations=46 (full 6):
 PSYoungGen      total 115712K, used 59716K [0x00000007b5580000, 0x00000007c0000000, 0x00000007c0000000)
  eden space 58880K, 100% used [0x00000007b5580000,0x00000007b8f00000,0x00000007b8f00000)
  from space 56832K, 1% used [0x00000007b8f00000,0x00000007b8fd1288,0x00000007bc680000)
  to   space 56832K, 0% used [0x00000007bc880000,0x00000007bc880000,0x00000007c0000000)
 ParOldGen       total 349696K, used 266208K [0x00000007a0000000, 0x00000007b5580000, 0x00000007b5580000)
  object space 349696K, 76% used [0x00000007a0000000,0x00000007b03f8138,0x00000007b5580000)
 Metaspace       used 11909K, capacity 12096K, committed 12288K, reserved 1060864K
  class space    used 1396K, capacity 1442K, committed 1536K, reserved 1048576K
Event: 8707.671 GC heap after
Heap after GC invocations=46 (full 6):
 PSYoungGen      total 112640K, used 11079K [0x00000007b5580000, 0x00000007bfb00000, 0x00000007c0000000)
  eden space 60928K, 0% used [0x00000007b5580000,0x00000007b5580000,0x00000007b9100000)
  from space 51712K, 21% used [0x00000007bc880000,0x00000007bd351c98,0x00000007bfb00000)
  to   space 54272K, 0% used [0x00000007b9100000,0x00000007b9100000,0x00000007bc600000)
 ParOldGen       total 349696K, used 266856K [0x00000007a0000000, 0x00000007b5580000, 0x00000007b5580000)
  object space 349696K, 76% used [0x00000007a0000000,0x00000007b049a138,0x00000007b5580000)
 Metaspace       used 11909K, capacity 12096K, committed 12288K, reserved 1060864K
  class space    used 1396K, capacity 1442K, committed 1536K, reserved 1048576K
}
Event: 8707.736 GC heap before
{Heap before GC invocations=47 (full 6):
 PSYoungGen      total 112640K, used 72007K [0x00000007b5580000, 0x00000007bfb00000, 0x00000007c0000000)
  eden space 60928K, 100% used [0x00000007b5580000,0x00000007b9100000,0x00000007b9100000)
  from space 51712K, 21% used [0x00000007bc880000,0x00000007bd351c98,0x00000007bfb00000)
  to   space 54272K, 0% used [0x00000007b9100000,0x00000007b9100000,0x00000007bc600000)
 ParOldGen       total 349696K, used 266856K [0x00000007a0000000, 0x00000007b5580000, 0x00000007b5580000)
  object space 349696K, 76% used [0x00000007a0000000,0x00000007b049a138,0x00000007b5580000)
 Metaspace       used 11909K, capacity 12096K, committed 12288K, reserved 1060864K
  class space    used 1396K, capacity 1442K, committed 1536K, reserved 1048576K
Event: 8707.789 GC heap after
Heap after GC invocations=47 (full 6):
 PSYoungGen      total 115200K, used 53939K [0x00000007b5580000, 0x00000007c0000000, 0x00000007c0000000)
  eden space 60928K, 0% used [0x00000007b5580000,0x00000007b5580000,0x00000007b9100000)
  from space 54272K, 99% used [0x00000007b9100000,0x00000007bc5acdf8,0x00000007bc600000)
  to   space 57856K, 0% used [0x00000007bc780000,0x00000007bc780000,0x00000007c0000000)
 ParOldGen       total 349696K, used 277607K [0x00000007a0000000, 0x00000007b5580000, 0x00000007b5580000)
  object space 349696K, 79% used [0x00000007a0000000,0x00000007b0f19da0,0x00000007b5580000)
 Metaspace       used 11909K, capacity 12096K, committed 12288K, reserved 1060864K
  class space    used 1396K, capacity 1442K, committed 1536K, reserved 1048576K
}
Event: 8707.840 GC heap before
{Heap before GC invocations=48 (full 6):
 PSYoungGen      total 115200K, used 114867K [0x00000007b5580000, 0x00000007c0000000, 0x00000007c0000000)
  eden space 60928K, 100% used [0x00000007b5580000,0x00000007b9100000,0x00000007b9100000)
  from space 54272K, 99% used [0x00000007b9100000,0x00000007bc5acdf8,0x00000007bc600000)
  to   space 57856K, 0% used [0x00000007bc780000,0x00000007bc780000,0x00000007c0000000)
 ParOldGen       total 349696K, used 277607K [0x00000007a0000000, 0x00000007b5580000, 0x00000007b5580000)
  object space 349696K, 79% used [0x00000007a0000000,0x00000007b0f19da0,0x00000007b5580000)
 Metaspace       used 11910K, capacity 12096K, committed 12288K, reserved 1060864K
  class space    used 1396K, capacity 1442K, committed 1536K, reserved 1048576K
Event: 8707.894 GC heap after
Heap after GC invocations=48 (full 6):
 PSYoungGen      total 116736K, used 25248K [0x00000007b5580000, 0x00000007c0000000, 0x00000007c0000000)
  eden space 58880K, 0% used [0x00000007b5580000,0x00000007b5580000,0x00000007b8f00000)
  from space 57856K, 43% used [0x00000007bc780000,0x00000007be028050,0x00000007c0000000)
  to   space 57856K, 0% used [0x00000007b8f00000,0x00000007b8f00000,0x00000007bc780000)
 ParOldGen       total 349696K, used 324551K [0x00000007a0000000, 0x00000007b5580000, 0x00000007b5580000)
  object space 349696K, 92% used [0x00000007a0000000,0x00000007b3cf1fd0,0x00000007b5580000)
 Metaspace       used 11910K, capacity 12096K, committed 12288K, reserved 1060864K
  class space    used 1396K, capacity 1442K, committed 1536K, reserved 1048576K
}
Event: 8707.894 GC heap before
{Heap before GC invocations=49 (full 7):
 PSYoungGen      total 116736K, used 25248K [0x00000007b5580000, 0x00000007c0000000, 0x00000007c0000000)
  eden space 58880K, 0% used [0x00000007b5580000,0x00000007b5580000,0x00000007b8f00000)
  from space 57856K, 43% used [0x00000007bc780000,0x00000007be028050,0x00000007c0000000)
  to   space 57856K, 0% used [0x00000007b8f00000,0x00000007b8f00000,0x00000007bc780000)
 ParOldGen       total 349696K, used 324551K [0x00000007a0000000, 0x00000007b5580000, 0x00000007b5580000)
  object space 349696K, 92% used [0x00000007a0000000,0x00000007b3cf1fd0,0x00000007b5580000)
 Metaspace       used 11910K, capacity 12096K, committed 12288K, reserved 1060864K
  class space    used 1396K, capacity 1442K, committed 1536K, reserved 1048576K
Event: 8708.174 GC heap after
Heap after GC invocations=49 (full 7):
 PSYoungGen      total 116736K, used 0K [0x00000007b5580000, 0x00000007c0000000, 0x00000007c0000000)
  eden space 58880K, 0% used [0x00000007b5580000,0x00000007b5580000,0x00000007b8f00000)
  from space 57856K, 0% used [0x00000007bc780000,0x00000007bc780000,0x00000007c0000000)
  to   space 57856K, 0% used [0x00000007b8f00000,0x00000007b8f00000,0x00000007bc780000)
 ParOldGen       total 349696K, used 221906K [0x00000007a0000000, 0x00000007b5580000, 0x00000007b5580000)
  object space 349696K, 63% used [0x00000007a0000000,0x00000007ad8b49b0,0x00000007b5580000)
 Metaspace       used 11910K, capacity 12096K, committed 12288K, reserved 1060864K
  class space    used 1396K, capacity 1442K, committed 1536K, reserved 1048576K
}
Event: 8728.890 GC heap before
{Heap before GC invocations=50 (full 7):
 PSYoungGen      total 116736K, used 58880K [0x00000007b5580000, 0x00000007c0000000, 0x00000007c0000000)
  eden space 58880K, 100% used [0x00000007b5580000,0x00000007b8f00000,0x00000007b8f00000)
  from space 57856K, 0% used [0x00000007bc780000,0x00000007bc780000,0x00000007c0000000)
  to   space 57856K, 0% used [0x00000007b8f00000,0x00000007b8f00000,0x00000007bc780000)
 ParOldGen       total 349696K, used 221906K [0x00000007a0000000, 0x00000007b5580000, 0x00000007b5580000)
  object space 349696K, 63% used [0x00000007a0000000,0x00000007ad8b49b0,0x00000007b5580000)
 Metaspace       used 11917K, capacity 12096K, committed 12288K, reserved 1060864K
  class space    used 1396K, capacity 1442K, committed 1536K, reserved 1048576K
Event: 8728.904 GC heap after
Heap after GC invocations=50 (full 7):
 PSYoungGen      total 82944K, used 23712K [0x00000007b5580000, 0x00000007bff00000, 0x00000007c0000000)
  eden space 58880K, 0% used [0x00000007b5580000,0x00000007b5580000,0x00000007b8f00000)
  from space 24064K, 98% used [0x00000007b8f00000,0x00000007ba628070,0x00000007ba680000)
  to   space 57344K, 0% used [0x00000007bc700000,0x00000007bc700000,0x00000007bff00000)
 ParOldGen       total 349696K, used 221906K [0x00000007a0000000, 0x00000007b5580000, 0x00000007b5580000)
  object space 349696K, 63% used [0x00000007a0000000,0x00000007ad8b49b0,0x00000007b5580000)
 Metaspace       used 11917K, capacity 12096K, committed 12288K, reserved 1060864K
  class space    used 1396K, capacity 1442K, committed 1536K, reserved 1048576K
}

Deoptimization events (10 events):
Event: 753.327 Thread 0x00007fcce5f5a800 Uncommon trap: reason=unstable_if action=reinterpret pc=0x000000011ee46ffc method=org.apache.xmlbeans.impl.store.Locale$nthCache.distance(Lorg/apache/xmlbeans/impl/store/Xobj;Ljavax/xml/namespace/QName;Lorg/apache/xmlbeans/QNameSet;I)I @ 31
Event: 753.327 Thread 0x00007fcce5f5a800 Uncommon trap: reason=unstable_if action=reinterpret pc=0x000000011ee25f18 method=org.apache.xmlbeans.impl.store.Locale$nthCache.distance(Lorg/apache/xmlbeans/impl/store/Xobj;Ljavax/xml/namespace/QName;Lorg/apache/xmlbeans/QNameSet;I)I @ 31
Event: 753.327 Thread 0x00007fcce5f5a800 Uncommon trap: reason=unstable_if action=reinterpret pc=0x000000011ee27414 method=org.apache.xmlbeans.impl.store.Locale$nthCache.fetch(Lorg/apache/xmlbeans/impl/store/Xobj;Ljavax/xml/namespace/QName;Lorg/apache/xmlbeans/QNameSet;I)Lorg/apache/xmlbeans/imp
Event: 753.328 Thread 0x00007fcce5f5a800 Uncommon trap: reason=unstable_if action=reinterpret pc=0x000000011ee44cd0 method=org.apache.xmlbeans.impl.store.Locale$nthCache.distance(Lorg/apache/xmlbeans/impl/store/Xobj;Ljavax/xml/namespace/QName;Lorg/apache/xmlbeans/QNameSet;I)I @ 31
Event: 753.329 Thread 0x00007fcce5f5a800 Uncommon trap: reason=unstable_if action=reinterpret pc=0x000000011ee85dd0 method=sun.misc.FloatingDecimal.readJavaFormatString(Ljava/lang/String;)Lsun/misc/FloatingDecimal$ASCIIToBinaryConverter; @ 350
Event: 753.329 Thread 0x00007fcce5f5a800 Uncommon trap: reason=unstable_if action=reinterpret pc=0x000000011ee84ff4 method=sun.misc.FloatingDecimal$ASCIIToBinaryBuffer.doubleValue()D @ 149
Event: 1060.647 Thread 0x00007fcce5f5a800 Uncommon trap: reason=class_check action=maybe_recompile pc=0x000000011ec3454c method=java.util.HashMap.putMapEntries(Ljava/util/Map;Z)V @ 1
Event: 1060.690 Thread 0x00007fcce5f5a800 Uncommon trap: reason=unstable_if action=reinterpret pc=0x000000011ec6aff4 method=org.apache.xmlbeans.impl.store.Locale.getCur()Lorg/apache/xmlbeans/impl/store/Cur; @ 32
Event: 6875.306 Thread 0x00007fcce5f5a800 Uncommon trap: reason=class_check action=maybe_recompile pc=0x000000011ec3454c method=java.util.HashMap.putMapEntries(Ljava/util/Map;Z)V @ 1
Event: 8707.359 Thread 0x00007fcce5f5a800 Uncommon trap: reason=class_check action=maybe_recompile pc=0x000000011ec3454c method=java.util.HashMap.putMapEntries(Ljava/util/Map;Z)V @ 1

Classes redefined (0 events):
No events

Internal exceptions (10 events):
Event: 6876.457 Thread 0x00007fcce5f5a800 Exception <a 'java/lang/NoSuchFieldError': TYPE> (0x00000007b6c8ceb0) thrown at [/System/Volumes/Data/jenkins/workspace/8-2-build-macosx-x86_64/jdk8u321/2141/hotspot/src/share/vm/prims/jni.cpp, line 2601]
Event: 6876.459 Thread 0x00007fcce5f5a800 Exception <a 'java/lang/NoSuchFieldError': TYPE> (0x00000007b6c90328) thrown at [/System/Volumes/Data/jenkins/workspace/8-2-build-macosx-x86_64/jdk8u321/2141/hotspot/src/share/vm/prims/jni.cpp, line 2601]
Event: 7304.466 Thread 0x00007fcce5f5a800 Exception <a 'java/lang/NoSuchFieldError': TYPE> (0x00000007b8edb970) thrown at [/System/Volumes/Data/jenkins/workspace/8-2-build-macosx-x86_64/jdk8u321/2141/hotspot/src/share/vm/prims/jni.cpp, line 2601]
Event: 7304.467 Thread 0x00007fcce5f5a800 Exception <a 'java/lang/NoSuchFieldError': TYPE> (0x00000007b8edf1d0) thrown at [/System/Volumes/Data/jenkins/workspace/8-2-build-macosx-x86_64/jdk8u321/2141/hotspot/src/share/vm/prims/jni.cpp, line 2601]
Event: 7304.469 Thread 0x00007fcce5f5a800 Exception <a 'java/lang/NoSuchFieldError': TYPE> (0x00000007b8ee25b0) thrown at [/System/Volumes/Data/jenkins/workspace/8-2-build-macosx-x86_64/jdk8u321/2141/hotspot/src/share/vm/prims/jni.cpp, line 2601]
Event: 7304.470 Thread 0x00007fcce5f5a800 Exception <a 'java/lang/NoSuchFieldError': TYPE> (0x00000007b8ee5a28) thrown at [/System/Volumes/Data/jenkins/workspace/8-2-build-macosx-x86_64/jdk8u321/2141/hotspot/src/share/vm/prims/jni.cpp, line 2601]
Event: 8708.226 Thread 0x00007fcce5f5a800 Exception <a 'java/lang/NoSuchFieldError': TYPE> (0x00000007b72cdd48) thrown at [/System/Volumes/Data/jenkins/workspace/8-2-build-macosx-x86_64/jdk8u321/2141/hotspot/src/share/vm/prims/jni.cpp, line 2601]
Event: 8708.228 Thread 0x00007fcce5f5a800 Exception <a 'java/lang/NoSuchFieldError': TYPE> (0x00000007b72d1200) thrown at [/System/Volumes/Data/jenkins/workspace/8-2-build-macosx-x86_64/jdk8u321/2141/hotspot/src/share/vm/prims/jni.cpp, line 2601]
Event: 8708.231 Thread 0x00007fcce5f5a800 Exception <a 'java/lang/NoSuchFieldError': TYPE> (0x00000007b72d45e0) thrown at [/System/Volumes/Data/jenkins/workspace/8-2-build-macosx-x86_64/jdk8u321/2141/hotspot/src/share/vm/prims/jni.cpp, line 2601]
Event: 8708.232 Thread 0x00007fcce5f5a800 Exception <a 'java/lang/NoSuchFieldError': TYPE> (0x00000007b72d7a58) thrown at [/System/Volumes/Data/jenkins/workspace/8-2-build-macosx-x86_64/jdk8u321/2141/hotspot/src/share/vm/prims/jni.cpp, line 2601]

Events (10 events):
Event: 8707.666 Executing VM operation: ParallelGCFailedAllocation
Event: 8707.671 Executing VM operation: ParallelGCFailedAllocation done
Event: 8707.735 Executing VM operation: ParallelGCFailedAllocation
Event: 8707.789 Executing VM operation: ParallelGCFailedAllocation done
Event: 8707.840 Executing VM operation: ParallelGCFailedAllocation
Event: 8708.174 Executing VM operation: ParallelGCFailedAllocation done
Event: 8708.178 Executing VM operation: RevokeBias
Event: 8708.178 Executing VM operation: RevokeBias done
Event: 8728.890 Executing VM operation: ParallelGCFailedAllocation
Event: 8728.904 Executing VM operation: ParallelGCFailedAllocation done


Dynamic libraries:
0x000000010f712000 	/Library/Frameworks/R.framework/Versions/4.1/Resources/lib/libR.dylib
0x000000010f36c000 	/Applications/RStudio.app/Contents/Frameworks/libpq.5.dylib
0x000000010f485000 	/Applications/RStudio.app/Contents/Frameworks/libssl.1.1.dylib
0x00000001103f3000 	/Applications/RStudio.app/Contents/Frameworks/libcrypto.1.1.dylib
0x00007ff8088e9000 	/System/Library/Frameworks/AppKit.framework/Versions/C/AppKit
0x00007ff809777000 	/System/Library/PrivateFrameworks/UIFoundation.framework/Versions/A/UIFoundation
0x00007ff8170f4000 	/System/Library/PrivateFrameworks/RemoteViewServices.framework/Versions/A/RemoteViewServices
0x00007ff80f398000 	/System/Library/PrivateFrameworks/XCTTargetBootstrap.framework/Versions/A/XCTTargetBootstrap
0x00007ff812f9a000 	/System/Library/PrivateFrameworks/InternationalSupport.framework/Versions/A/InternationalSupport
0x00007ff813024000 	/System/Library/PrivateFrameworks/UserActivity.framework/Versions/A/UserActivity
0x00007ff81237e000 	/usr/lib/libspindump.dylib
0x00007ff809a05000 	/System/Library/Frameworks/UniformTypeIdentifiers.framework/Versions/A/UniformTypeIdentifiers
0x00007ff80dac1000 	/usr/lib/libapp_launch_measurement.dylib
0x00007ff80c834000 	/System/Library/PrivateFrameworks/CoreAnalytics.framework/Versions/A/CoreAnalytics
0x00007ff80dac4000 	/System/Library/PrivateFrameworks/CoreAutoLayout.framework/Versions/A/CoreAutoLayout
0x00007ff80be53000 	/System/Library/Frameworks/CoreData.framework/Versions/A/CoreData
0x00007ff80ecf2000 	/System/Library/Frameworks/Metal.framework/Versions/A/Metal
0x00007ff80fa1e000 	/usr/lib/liblangid.dylib
0x00007ff80f39d000 	/System/Library/PrivateFrameworks/CoreSVG.framework/Versions/A/CoreSVG
0x00007ff80adec000 	/System/Library/PrivateFrameworks/SkyLight.framework/Versions/A/SkyLight
0x00007ff80b18a000 	/System/Library/Frameworks/CoreGraphics.framework/Versions/A/CoreGraphics
0x00007ff8177b4000 	/System/Library/Frameworks/Accelerate.framework/Versions/A/Accelerate
0x00007ff811dfd000 	/System/Library/PrivateFrameworks/IconServices.framework/Versions/A/IconServices
0x00007ff80ecd7000 	/System/Library/Frameworks/IOSurface.framework/Versions/A/IOSurface
0x00007ff80c862000 	/usr/lib/libDiagnosticMessagesClient.dylib
0x00007ff810fef000 	/usr/lib/libz.1.dylib
0x00007ff81ae97000 	/System/Library/Frameworks/ApplicationServices.framework/Versions/A/ApplicationServices
0x00007ff80f384000 	/System/Library/PrivateFrameworks/DFRFoundation.framework/Versions/A/DFRFoundation
0x00007ff8081d1000 	/usr/lib/libicucore.A.dylib
0x00007ff813d8f000 	/System/Library/Frameworks/AudioToolbox.framework/Versions/A/AudioToolbox
0x00007ff812fa6000 	/System/Library/PrivateFrameworks/DataDetectorsCore.framework/Versions/A/DataDetectorsCore
0x00007ff90ef78000 	/System/Library/PrivateFrameworks/TextInput.framework/Versions/A/TextInput
0x00007ff806cf5000 	/System/Library/Frameworks/Foundation.framework/Versions/C/Foundation
0x00007ff80ad6f000 	/usr/lib/libMobileGestalt.dylib
0x00007ff80f090000 	/System/Library/Frameworks/Carbon.framework/Versions/A/Frameworks/HIToolbox.framework/Versions/A/HIToolbox
0x00007ff80d4c7000 	/System/Library/Frameworks/QuartzCore.framework/Versions/A/QuartzCore
0x00007ff807e78000 	/System/Library/Frameworks/Security.framework/Versions/A/Security
0x00007ff81712c000 	/System/Library/Frameworks/Carbon.framework/Versions/A/Frameworks/SpeechRecognition.framework/Versions/A/SpeechRecognition
0x00007ff80d821000 	/System/Library/PrivateFrameworks/CoreUI.framework/Versions/A/CoreUI
0x00007ff807744000 	/System/Library/Frameworks/CoreAudio.framework/Versions/A/CoreAudio
0x00007ff80c951000 	/System/Library/Frameworks/DiskArbitration.framework/Versions/A/DiskArbitration
0x00007ff81276a000 	/System/Library/PrivateFrameworks/MultitouchSupport.framework/Versions/A/MultitouchSupport
0x00007ff80ad6e000 	/usr/lib/libenergytrace.dylib
0x00007ff8087d5000 	/System/Library/Frameworks/IOKit.framework/Versions/A/IOKit
0x00007ff81751c000 	/System/Library/Frameworks/CoreServices.framework/Versions/A/CoreServices
0x00007ff80da5b000 	/System/Library/PrivateFrameworks/PerformanceAnalysis.framework/Versions/A/PerformanceAnalysis
0x00007ffa1e384000 	/System/Library/Frameworks/OpenGL.framework/Versions/A/OpenGL
0x00007ff810609000 	/System/Library/PrivateFrameworks/MobileKeyBag.framework/Versions/A/MobileKeyBag
0x00007ff805d92000 	/usr/lib/libobjc.A.dylib
0x00007ff8110d5000 	/usr/lib/libSystem.B.dylib
0x00007ff80b8b4000 	/System/Library/Frameworks/ColorSync.framework/Versions/A/ColorSync
0x00007ff805f4c000 	/System/Library/Frameworks/CoreFoundation.framework/Versions/A/CoreFoundation
0x00007ff80f614000 	/System/Library/Frameworks/CoreImage.framework/Versions/A/CoreImage
0x00007ff80755c000 	/System/Library/Frameworks/CoreText.framework/Versions/A/CoreText
0x00007ff80f3cd000 	/System/Library/Frameworks/ImageIO.framework/Versions/A/ImageIO
0x00007ff8110db000 	/System/Library/PrivateFrameworks/SoftLinking.framework/Versions/A/SoftLinking
0x00007ff80db0c000 	/usr/lib/libxml2.2.dylib
0x00007ff805e58000 	/usr/lib/libc++.1.dylib
0x00007ff81135c000 	/usr/lib/libcompression.dylib
0x00007ff812ecd000 	/System/Library/PrivateFrameworks/TextureIO.framework/Versions/A/TextureIO
0x00007ff811a76000 	/usr/lib/libate.dylib
0x00007ff8110d0000 	/usr/lib/system/libcache.dylib
0x00007ff81108c000 	/usr/lib/system/libcommonCrypto.dylib
0x00007ff8110b5000 	/usr/lib/system/libcompiler_rt.dylib
0x00007ff8110ab000 	/usr/lib/system/libcopyfile.dylib
0x00007ff805c8d000 	/usr/lib/system/libcorecrypto.dylib
0x00007ff805d4b000 	/usr/lib/system/libdispatch.dylib
0x00007ff805f0b000 	/usr/lib/system/libdyld.dylib
0x00007ff8110c7000 	/usr/lib/system/libkeymgr.dylib
0x00007ff81106a000 	/usr/lib/system/libmacho.dylib
0x00007ff8106e3000 	/usr/lib/system/libquarantine.dylib
0x00007ff8110c5000 	/usr/lib/system/libremovefile.dylib
0x00007ff80adbc000 	/usr/lib/system/libsystem_asl.dylib
0x00007ff805c36000 	/usr/lib/system/libsystem_blocks.dylib
0x00007ff805dcf000 	/usr/lib/system/libsystem_c.dylib
0x00007ff8110bd000 	/usr/lib/system/libsystem_collections.dylib
0x00007ff80fa0e000 	/usr/lib/system/libsystem_configuration.dylib
0x00007ff80ecba000 	/usr/lib/system/libsystem_containermanager.dylib
0x00007ff810d9d000 	/usr/lib/system/libsystem_coreservices.dylib
0x00007ff808465000 	/usr/lib/system/libsystem_darwin.dylib
0x00007ff8110c8000 	/usr/lib/system/libsystem_dnssd.dylib
0x00007ff805dcc000 	/usr/lib/system/libsystem_featureflags.dylib
0x00007ff805f21000 	/usr/lib/system/libsystem_info.dylib
0x00007ff811002000 	/usr/lib/system/libsystem_m.dylib
0x00007ff805d1f000 	/usr/lib/system/libsystem_malloc.dylib
0x00007ff80ad57000 	/usr/lib/system/libsystem_networkextension.dylib
0x00007ff80888b000 	/usr/lib/system/libsystem_notify.dylib
0x00007ff8173f1000 	/usr/lib/system/libsystem_product_info_filter.dylib
0x00007ff80fa12000 	/usr/lib/system/libsystem_sandbox.dylib
0x00007ff8110c2000 	/usr/lib/system/libsystem_secinit.dylib
0x00007ff805ec7000 	/usr/lib/system/libsystem_kernel.dylib
0x00007ff805f17000 	/usr/lib/system/libsystem_platform.dylib
0x00007ff805eff000 	/usr/lib/system/libsystem_pthread.dylib
0x00007ff80c674000 	/usr/lib/system/libsystem_symptoms.dylib
0x00007ff805c74000 	/usr/lib/system/libsystem_trace.dylib
0x00007ff811098000 	/usr/lib/system/libunwind.dylib
0x00007ff805c38000 	/usr/lib/system/libxpc.dylib
0x00007ff805eb1000 	/usr/lib/libc++abi.dylib
0x00007ff8110a3000 	/usr/lib/liboah.dylib
0x00007ff811834000 	/usr/lib/liblzma.5.dylib
0x00007ff806a08000 	/System/Library/Frameworks/SystemConfiguration.framework/Versions/A/SystemConfiguration
0x00007ff8110d7000 	/usr/lib/libfakelink.dylib
0x00007ff80a8c8000 	/System/Library/Frameworks/CFNetwork.framework/Versions/A/CFNetwork
0x00007ff811218000 	/usr/lib/libarchive.2.dylib
0x00007ff80fa1a000 	/System/Library/PrivateFrameworks/AppleSystemInfo.framework/Versions/A/AppleSystemInfo
0x00007ff81070a000 	/usr/lib/libbsm.0.dylib
0x00007ff809edb000 	/usr/lib/libnetwork.dylib
0x00007ff811070000 	/usr/lib/system/libkxld.dylib
0x00007ff810336000 	/System/Library/PrivateFrameworks/IOMobileFramebuffer.framework/Versions/A/IOMobileFramebuffer
0x00007ffb1da6d000 	/usr/lib/libCoreEntitlements.dylib
0x00007ff810d7f000 	/System/Library/PrivateFrameworks/AppleFSCompression.framework/Versions/A/AppleFSCompression
0x00007ff8106f2000 	/usr/lib/libcoretls.dylib
0x00007ff81184e000 	/usr/lib/libcoretls_cfhelpers.dylib
0x00007ff811357000 	/usr/lib/libpam.2.dylib
0x00007ff80c297000 	/usr/lib/libsqlite3.dylib
0x00007ff8118bd000 	/usr/lib/libxar.1.dylib
0x00007ff810d8f000 	/usr/lib/libbz2.1.0.dylib
0x00007ff8110dc000 	/usr/lib/libpcap.A.dylib
0x00007ff80c66c000 	/usr/lib/libdns_services.dylib
0x00007ff81132a000 	/usr/lib/libapple_nghttp2.dylib
0x00007ff811116000 	/usr/lib/libiconv.2.dylib
0x00007ff811069000 	/usr/lib/libcharset.1.dylib
0x00007ff80da8f000 	/System/Library/Frameworks/CoreServices.framework/Versions/A/Frameworks/FSEvents.framework/Versions/A/FSEvents
0x00007ff80846f000 	/System/Library/Frameworks/CoreServices.framework/Versions/A/Frameworks/CarbonCore.framework/Versions/A/CarbonCore
0x00007ff80c8b5000 	/System/Library/Frameworks/CoreServices.framework/Versions/A/Frameworks/Metadata.framework/Versions/A/Metadata
0x00007ff810da2000 	/System/Library/Frameworks/CoreServices.framework/Versions/A/Frameworks/OSServices.framework/Versions/A/OSServices
0x00007ff81129f000 	/System/Library/Frameworks/CoreServices.framework/Versions/A/Frameworks/SearchKit.framework/Versions/A/SearchKit
0x00007ff80c5ff000 	/System/Library/Frameworks/CoreServices.framework/Versions/A/Frameworks/AE.framework/Versions/A/AE
0x00007ff80644d000 	/System/Library/Frameworks/CoreServices.framework/Versions/A/Frameworks/LaunchServices.framework/Versions/A/LaunchServices
0x00007ff8117e5000 	/System/Library/Frameworks/CoreServices.framework/Versions/A/Frameworks/DictionaryServices.framework/Versions/A/DictionaryServices
0x00007ff80da9c000 	/System/Library/Frameworks/CoreServices.framework/Versions/A/Frameworks/SharedFileList.framework/Versions/A/SharedFileList
0x00007ff8106e6000 	/usr/lib/libCheckFix.dylib
0x00007ff80add3000 	/System/Library/PrivateFrameworks/TCC.framework/Versions/A/TCC
0x00007ff80fa20000 	/System/Library/PrivateFrameworks/CoreNLP.framework/Versions/A/CoreNLP
0x00007ff80c865000 	/System/Library/PrivateFrameworks/MetadataUtilities.framework/Versions/A/MetadataUtilities
0x00007ff806ab8000 	/usr/lib/libmecabra.dylib
0x00007ff81071a000 	/usr/lib/libmecab.dylib
0x00007ff806a83000 	/usr/lib/libCRFSuite.dylib
0x00007ff810774000 	/usr/lib/libgermantok.dylib
0x00007ff811305000 	/usr/lib/libThaiTokenizer.dylib
0x00007ff80c958000 	/System/Library/Frameworks/Accelerate.framework/Versions/A/Frameworks/vImage.framework/Versions/A/vImage
0x00007ff8174f3000 	/System/Library/Frameworks/Accelerate.framework/Versions/A/Frameworks/vecLib.framework/Versions/A/vecLib
0x00007ff8118fe000 	/System/Library/Frameworks/Accelerate.framework/Versions/A/Frameworks/vecLib.framework/Versions/A/libvMisc.dylib
0x00007ff810135000 	/System/Library/Frameworks/Accelerate.framework/Versions/A/Frameworks/vecLib.framework/Versions/A/libvDSP.dylib
0x00007ff8067c7000 	/System/Library/Frameworks/Accelerate.framework/Versions/A/Frameworks/vecLib.framework/Versions/A/libBLAS.dylib
0x00007ff81143a000 	/System/Library/Frameworks/Accelerate.framework/Versions/A/Frameworks/vecLib.framework/Versions/A/libLAPACK.dylib
0x00007ff810777000 	/System/Library/Frameworks/Accelerate.framework/Versions/A/Frameworks/vecLib.framework/Versions/A/libLinearAlgebra.dylib
0x00007ff811342000 	/System/Library/Frameworks/Accelerate.framework/Versions/A/Frameworks/vecLib.framework/Versions/A/libSparseBLAS.dylib
0x00007ff811434000 	/System/Library/Frameworks/Accelerate.framework/Versions/A/Frameworks/vecLib.framework/Versions/A/libQuadrature.dylib
0x00007ff80fb0b000 	/System/Library/Frameworks/Accelerate.framework/Versions/A/Frameworks/vecLib.framework/Versions/A/libBNNS.dylib
0x00007ff806999000 	/System/Library/Frameworks/Accelerate.framework/Versions/A/Frameworks/vecLib.framework/Versions/A/libSparse.dylib
0x00007ff80fb04000 	/System/Library/PrivateFrameworks/LinguisticData.framework/Versions/A/LinguisticData
0x00007ff80694f000 	/System/Library/PrivateFrameworks/Lexicon.framework/Versions/A/Lexicon
0x00007ff8118f7000 	/usr/lib/libChineseTokenizer.dylib
0x00007ff8070b1000 	/System/Library/PrivateFrameworks/LanguageModeling.framework/Versions/A/LanguageModeling
0x00007ff811307000 	/System/Library/PrivateFrameworks/AppleSauce.framework/Versions/A/AppleSauce
0x00007ff810324000 	/System/Library/PrivateFrameworks/CoreEmoji.framework/Versions/A/CoreEmoji
0x00007ff811207000 	/usr/lib/libcmph.dylib
0x00007ff80da73000 	/System/Library/Frameworks/OpenDirectory.framework/Versions/A/Frameworks/CFOpenDirectory.framework/Versions/A/CFOpenDirectory
0x00007ff80da67000 	/System/Library/Frameworks/OpenDirectory.framework/Versions/A/OpenDirectory
0x00007ff811850000 	/System/Library/PrivateFrameworks/APFS.framework/Versions/A/APFS
0x00007ff810641000 	/System/Library/Frameworks/SecurityFoundation.framework/Versions/A/SecurityFoundation
0x00007ff8118cb000 	/usr/lib/libutil.dylib
0x00007ff808799000 	/System/Library/PrivateFrameworks/CoreServicesStore.framework/Versions/A/CoreServicesStore
0x00007ff8118cf000 	/usr/lib/libxslt.1.dylib
0x00007ff8106ce000 	/System/Library/PrivateFrameworks/BackgroundTaskManagement.framework/Versions/A/BackgroundTaskManagement
0x00007ff812dee000 	/System/Library/Frameworks/ImageIO.framework/Versions/A/Resources/libRadiance.dylib
0x00007ff812df7000 	/System/Library/Frameworks/ImageIO.framework/Versions/A/Resources/libJPEG.dylib
0x00007ff812d49000 	/System/Library/Frameworks/ImageIO.framework/Versions/A/Resources/libPng.dylib
0x00007ff812d6a000 	/System/Library/Frameworks/ImageIO.framework/Versions/A/Resources/libTIFF.dylib
0x00007ff812e56000 	/System/Library/Frameworks/ImageIO.framework/Versions/A/Resources/libGIF.dylib
0x00007ff812686000 	/System/Library/Frameworks/ImageIO.framework/Versions/A/Resources/libJP2.dylib
0x00007ff811dc4000 	/usr/lib/libexpat.1.dylib
0x00007ff81263b000 	/System/Library/PrivateFrameworks/AppleJPEG.framework/Versions/A/AppleJPEG
0x00007ff80ef54000 	/System/Library/PrivateFrameworks/FontServices.framework/libFontParser.dylib
0x00007ff80c5a9000 	/System/Library/PrivateFrameworks/RunningBoardServices.framework/Versions/A/RunningBoardServices
0x00007ff81d7a2000 	/System/Library/PrivateFrameworks/IOSurfaceAccelerator.framework/Versions/A/IOSurfaceAccelerator
0x00007ff812766000 	/System/Library/PrivateFrameworks/WatchdogClient.framework/Versions/A/WatchdogClient
0x00007ff80719f000 	/System/Library/Frameworks/CoreDisplay.framework/Versions/A/CoreDisplay
0x00007ff80ee52000 	/System/Library/Frameworks/CoreMedia.framework/Versions/A/CoreMedia
0x00007ff80ece9000 	/System/Library/PrivateFrameworks/IOAccelerator.framework/Versions/A/IOAccelerator
0x00007ff80dbf0000 	/System/Library/Frameworks/CoreVideo.framework/Versions/A/CoreVideo
0x00007ff811355000 	/System/Library/Frameworks/MetalPerformanceShaders.framework/Versions/A/MetalPerformanceShaders
0x00007ff8127a3000 	/System/Library/Frameworks/VideoToolbox.framework/Versions/A/VideoToolbox
0x00007ff80c4f3000 	/System/Library/PrivateFrameworks/BaseBoard.framework/Versions/A/BaseBoard
0x00007ff80c27d000 	/System/Library/PrivateFrameworks/ProtocolBuffer.framework/Versions/A/ProtocolBuffer
0x00007ff812de7000 	/System/Library/PrivateFrameworks/GPUWrangler.framework/Versions/A/GPUWrangler
0x00007ff812dcb000 	/System/Library/PrivateFrameworks/IOPresentment.framework/Versions/A/IOPresentment
0x00007ff812df1000 	/System/Library/PrivateFrameworks/DSExternalDisplay.framework/Versions/A/DSExternalDisplay
0x00007ffa1e378000 	/System/Library/Frameworks/OpenGL.framework/Versions/A/Libraries/libCoreFSCache.dylib
0x00007ffb0b216000 	/System/Library/PrivateFrameworks/GPUCompiler.framework/Versions/31001/Libraries/libGPUCompilerUtils.dylib
0x00007ff812e5b000 	/System/Library/PrivateFrameworks/CMCaptureCore.framework/Versions/A/CMCaptureCore
0x00007ff81236c000 	/System/Library/PrivateFrameworks/AppServerSupport.framework/Versions/A/AppServerSupport
0x00007ff814627000 	/System/Library/PrivateFrameworks/perfdata.framework/Versions/A/perfdata
0x00007ff8072cb000 	/System/Library/PrivateFrameworks/AudioToolboxCore.framework/Versions/A/AudioToolboxCore
0x00007ff80ee30000 	/System/Library/PrivateFrameworks/caulk.framework/Versions/A/caulk
0x00007ff813f39000 	/usr/lib/libAudioStatistics.dylib
0x00007ff90b726000 	/System/Library/PrivateFrameworks/SystemPolicy.framework/Versions/A/SystemPolicy
0x00007ff814194000 	/usr/lib/libSMC.dylib
0x00007ff81d09d000 	/System/Library/Frameworks/CoreMIDI.framework/Versions/A/CoreMIDI
0x00007ff812d18000 	/usr/lib/libAudioToolboxUtility.dylib
0x00007ff9079c9000 	/System/Library/PrivateFrameworks/OSAServicesClient.framework/Versions/A/OSAServicesClient
0x00007ff814634000 	/usr/lib/libperfcheck.dylib
0x00007ff90c1d0000 	/usr/lib/libmis.dylib
0x00007ffa1e3d3000 	/System/Library/Frameworks/OpenGL.framework/Versions/A/Libraries/libGLU.dylib
0x00007ffa1e397000 	/System/Library/Frameworks/OpenGL.framework/Versions/A/Libraries/libGFXShared.dylib
0x00007ffa1e5a0000 	/System/Library/Frameworks/OpenGL.framework/Versions/A/Libraries/libGL.dylib
0x00007ffa1e3a0000 	/System/Library/Frameworks/OpenGL.framework/Versions/A/Libraries/libGLImage.dylib
0x00007ffa1e394000 	/System/Library/Frameworks/OpenGL.framework/Versions/A/Libraries/libCVMSPluginSupport.dylib
0x00007ffa1e37f000 	/System/Library/Frameworks/OpenGL.framework/Versions/A/Libraries/libCoreVMClient.dylib
0x00007ff80f99c000 	/System/Library/Frameworks/MetalPerformanceShaders.framework/Versions/A/Frameworks/MPSCore.framework/Versions/A/MPSCore
0x00007ff810cea000 	/System/Library/Frameworks/MetalPerformanceShaders.framework/Versions/A/Frameworks/MPSImage.framework/Versions/A/MPSImage
0x00007ff81078d000 	/System/Library/Frameworks/MetalPerformanceShaders.framework/Versions/A/Frameworks/MPSNeuralNetwork.framework/Versions/A/MPSNeuralNetwork
0x00007ff810c01000 	/System/Library/Frameworks/MetalPerformanceShaders.framework/Versions/A/Frameworks/MPSMatrix.framework/Versions/A/MPSMatrix
0x00007ff8109bc000 	/System/Library/Frameworks/MetalPerformanceShaders.framework/Versions/A/Frameworks/MPSRayIntersector.framework/Versions/A/MPSRayIntersector
0x00007ff810c39000 	/System/Library/Frameworks/MetalPerformanceShaders.framework/Versions/A/Frameworks/MPSNDArray.framework/Versions/A/MPSNDArray
0x00007ffa23300000 	/System/Library/Frameworks/MetalPerformanceShaders.framework/Versions/A/Frameworks/MPSFunctions.framework/Versions/A/MPSFunctions
0x00007ff8066a4000 	/System/Library/PrivateFrameworks/MetalTools.framework/Versions/A/MetalTools
0x00007ff80fa18000 	/System/Library/PrivateFrameworks/AggregateDictionary.framework/Versions/A/AggregateDictionary
0x00007ff811ba6000 	/usr/lib/libIOReport.dylib
0x00007ffa1f9af000 	/System/Library/Frameworks/OpenCL.framework/Versions/A/OpenCL
0x00007ff811f0a000 	/System/Library/PrivateFrameworks/FaceCore.framework/Versions/A/FaceCore
0x00007ff811efb000 	/System/Library/PrivateFrameworks/GraphVisualizer.framework/Versions/A/GraphVisualizer
0x00007ffb0b121000 	/System/Library/PrivateFrameworks/FontServices.framework/Versions/A/FontServices
0x00007ff812324000 	/System/Library/PrivateFrameworks/OTSVG.framework/Versions/A/OTSVG
0x00007ff80d7d7000 	/System/Library/Frameworks/ApplicationServices.framework/Versions/A/Frameworks/ATS.framework/Versions/A/Resources/libFontRegistry.dylib
0x00007ff812374000 	/System/Library/PrivateFrameworks/FontServices.framework/libhvf.dylib
0x00007ffb0b122000 	/System/Library/PrivateFrameworks/FontServices.framework/libXTFontStaticRegistryData.dylib
0x00007ff811d74000 	/System/Library/PrivateFrameworks/AppleVA.framework/Versions/A/AppleVA
0x00007ff813f59000 	/System/Library/Frameworks/ApplicationServices.framework/Versions/A/Frameworks/ATS.framework/Versions/A/ATS
0x00007ff80b9b0000 	/System/Library/Frameworks/ApplicationServices.framework/Versions/A/Frameworks/HIServices.framework/Versions/A/HIServices
0x00007ff812e65000 	/System/Library/Frameworks/ApplicationServices.framework/Versions/A/Frameworks/PrintCore.framework/Versions/A/PrintCore
0x00007ff8142e7000 	/System/Library/Frameworks/ApplicationServices.framework/Versions/A/Frameworks/QD.framework/Versions/A/QD
0x00007ff8142df000 	/System/Library/Frameworks/ApplicationServices.framework/Versions/A/Frameworks/ColorSyncLegacy.framework/Versions/A/ColorSyncLegacy
0x00007ff813f49000 	/System/Library/Frameworks/ApplicationServices.framework/Versions/A/Frameworks/SpeechSynthesis.framework/Versions/A/SpeechSynthesis
0x00007ff812e26000 	/System/Library/Frameworks/ApplicationServices.framework/Versions/A/Frameworks/ATSUI.framework/Versions/A/ATSUI
0x00007ff814274000 	/usr/lib/libcups.2.dylib
0x00007ff814643000 	/System/Library/Frameworks/Kerberos.framework/Versions/A/Kerberos
0x00007ff814652000 	/System/Library/Frameworks/GSS.framework/Versions/A/GSS
0x00007ff813fc5000 	/usr/lib/libresolv.9.dylib
0x00007ff812383000 	/System/Library/PrivateFrameworks/Heimdal.framework/Versions/A/Heimdal
0x00007ff81b21f000 	/System/Library/Frameworks/Kerberos.framework/Versions/A/Libraries/libHeimdalProxy.dylib
0x00007ff80c67c000 	/System/Library/Frameworks/Network.framework/Versions/A/Network
0x00007ff811dde000 	/usr/lib/libheimdal-asn1.dylib
0x00007ff81469d000 	/System/Library/PrivateFrameworks/CommonAuth.framework/Versions/A/CommonAuth
0x00007ff813ecb000 	/System/Library/PrivateFrameworks/AudioSession.framework/Versions/A/AudioSession
0x00007ff811e6e000 	/System/Library/PrivateFrameworks/MediaExperience.framework/Versions/A/MediaExperience
0x00007ff813d5e000 	/System/Library/PrivateFrameworks/AudioSession.framework/libSessionUtility.dylib
0x00007ff8142f3000 	/System/Library/PrivateFrameworks/AudioResourceArbitration.framework/Versions/A/AudioResourceArbitration
0x00007ff818366000 	/System/Library/PrivateFrameworks/PowerLog.framework/Versions/A/PowerLog
0x00007ff811de7000 	/System/Library/PrivateFrameworks/IconFoundation.framework/Versions/A/IconFoundation
0x00007ff81711c000 	/System/Library/PrivateFrameworks/SpeechRecognitionCore.framework/Versions/A/SpeechRecognitionCore
0x000000010f5a7000 	/Applications/RStudio.app/Contents/Frameworks/libgssapi_krb5.2.2.dylib
0x0000000110258000 	/Applications/RStudio.app/Contents/Frameworks/libkrb5.3.3.dylib
0x000000010f404000 	/Applications/RStudio.app/Contents/Frameworks/libk5crypto.3.1.dylib
0x000000010f331000 	/Applications/RStudio.app/Contents/Frameworks/libcom_err.3.0.dylib
0x000000010f65e000 	/Applications/RStudio.app/Contents/Frameworks/libkrb5support.1.1.dylib
0x000000010f68a000 	/Applications/RStudio.app/Contents/Frameworks/libintl.8.dylib
0x0000000110196000 	/Library/Frameworks/R.framework/Versions/4.1/Resources/lib/libRblas.0.dylib
0x0000000110bb9000 	/Library/Frameworks/R.framework/Versions/4.1/Resources/lib/libgfortran.5.dylib
0x0000000110900000 	/Library/Frameworks/R.framework/Versions/4.1/Resources/lib/libquadmath.0.dylib
0x0000000110205000 	/Library/Frameworks/R.framework/Versions/4.1/Resources/lib/libgcc_s.1.dylib
0x00007ff90ff7c000 	/usr/lib/libncurses.5.4.dylib
0x00000001109a4000 	/Library/Frameworks/R.framework/Versions/4.1/Resources/library/methods/libs/methods.so
0x00000001109e6000 	/Library/Frameworks/R.framework/Versions/4.1/Resources/library/utils/libs/utils.so
0x0000000110a74000 	/Library/Frameworks/R.framework/Versions/4.1/Resources/library/grDevices/libs/grDevices.so
0x00007ff81243a000 	/System/Library/PrivateFrameworks/login.framework/Versions/A/login
0x00007ff80dc42000 	/System/Library/PrivateFrameworks/login.framework/Versions/A/Frameworks/loginsupport.framework/Versions/A/loginsupport
0x0000000112ded000 	/Library/Frameworks/R.framework/Versions/4.1/Resources/library/graphics/libs/graphics.so
0x0000000112f76000 	/Library/Frameworks/R.framework/Versions/4.1/Resources/library/stats/libs/stats.so
0x0000000113352000 	/Library/Frameworks/R.framework/Versions/4.1/Resources/lib/libRlapack.dylib
0x0000000112ead000 	/Library/Frameworks/R.framework/Versions/4.1/Resources/library/cli/libs/cli.so
0x0000000110b74000 	/Library/Frameworks/R.framework/Versions/4.1/Resources/library/checkmate/libs/checkmate.so
0x000000010f6d6000 	/Library/Frameworks/R.framework/Versions/4.1/Resources/library/backports/libs/backports.so
0x0000000113138000 	/Library/Frameworks/R.framework/Versions/4.1/Resources/library/rlang/libs/rlang.so
0x00000001137b3000 	/Library/Frameworks/R.framework/Versions/4.1/Resources/library/vctrs/libs/vctrs.so
0x00000001139bb000 	/Library/Frameworks/R.framework/Versions/4.1/Resources/library/farver/libs/farver.so
0x00000001131e4000 	/Library/Frameworks/R.framework/Versions/4.1/Resources/library/grid/libs/grid.so
0x0000000112ef7000 	/Library/Frameworks/R.framework/Versions/4.1/Resources/library/colorspace/libs/colorspace.so
0x000000011098f000 	/Library/Frameworks/R.framework/Versions/4.1/Resources/library/glue/libs/glue.so
0x00000001109cd000 	/Library/Frameworks/R.framework/Versions/4.1/Resources/library/ellipsis/libs/ellipsis.so
0x0000000110a58000 	/Library/Frameworks/R.framework/Versions/4.1/Resources/library/magrittr/libs/magrittr.so
0x000000011325f000 	/Library/Frameworks/R.framework/Versions/4.1/Resources/library/fansi/libs/fansi.so
0x000000011329d000 	/Library/Frameworks/R.framework/Versions/4.1/Resources/library/utf8/libs/utf8.so
0x0000000110ba5000 	/Library/Frameworks/R.framework/Versions/4.1/Resources/library/tibble/libs/tibble.so
0x0000000112f25000 	/Library/Frameworks/R.framework/Versions/4.1/Resources/library/purrr/libs/purrr.so
0x0000000113306000 	/Library/Frameworks/R.framework/Versions/4.1/Resources/library/dplyr/libs/dplyr.so
0x00000001109d9000 	/Library/Frameworks/R.framework/Versions/4.1/Resources/library/tensorA/libs/tensorA.so
0x0000000112f40000 	/Library/Frameworks/R.framework/Versions/4.1/Resources/library/xfun/libs/xfun.so
0x0000000113be9000 	/Library/Frameworks/R.framework/Versions/4.1/Resources/library/tools/libs/tools.so
0x0000000113c32000 	/Library/Frameworks/R.framework/Versions/4.1/Resources/library/digest/libs/digest.so
0x0000000113c85000 	/Library/Frameworks/R.framework/Versions/4.1/Resources/library/fastmap/libs/fastmap.so
0x0000000110a68000 	/Library/Frameworks/R.framework/Versions/4.1/Resources/library/htmltools/libs/htmltools.so
0x0000000113d29000 	/Library/Frameworks/R.framework/Versions/4.1/Resources/library/data.table/libs/datatable.so
0x0000000113e51000 	/Library/Frameworks/R.framework/Versions/4.1/Resources/modules/internet.so
0x00007ff81ac2b000 	/usr/lib/libcurl.4.dylib
0x00007ffb1dfe8000 	/usr/lib/libcrypto.46.dylib
0x00007ffb1e4d9000 	/usr/lib/libssl.48.dylib
0x00007ff81a94f000 	/System/Library/Frameworks/LDAP.framework/Versions/A/LDAP
0x00007ff81a987000 	/System/Library/PrivateFrameworks/TrustEvaluationAgent.framework/Versions/A/TrustEvaluationAgent
0x00007ff813fde000 	/usr/lib/libsasl2.2.dylib
0x00007ff81782c000 	/System/Library/PrivateFrameworks/CoreDaemon.framework/Versions/B/CoreDaemon
0x00007ff817827000 	/System/Library/PrivateFrameworks/AppleSRP.framework/Versions/A/AppleSRP
0x00007ff8106d8000 	/System/Library/Frameworks/ServiceManagement.framework/Versions/A/ServiceManagement
0x000000011332f000 	/Library/Frameworks/R.framework/Versions/4.1/Resources/library/splines/libs/splines.so
0x0000000113caa000 	/Library/Frameworks/R.framework/Versions/4.1/Resources/library/lattice/libs/lattice.so
0x0000000113cc3000 	/Library/Frameworks/R.framework/Versions/4.1/Resources/library/MASS/libs/MASS.so
0x0000000113fa0000 	/Library/Frameworks/R.framework/Versions/4.1/Resources/library/nlme/libs/nlme.so
0x00000001140c2000 	/Library/Frameworks/R.framework/Versions/4.1/Resources/library/Matrix/libs/Matrix.so
0x00000001142df000 	/Library/Frameworks/R.framework/Versions/4.1/Resources/library/Rcpp/libs/Rcpp.so
0x0000000113fdf000 	/Library/Frameworks/R.framework/Versions/4.1/Resources/library/minqa/libs/minqa.so
0x00000001144ae000 	/Library/Frameworks/R.framework/Versions/4.1/Resources/library/nloptr/libs/nloptr.so
0x000000011468d000 	/Library/Frameworks/R.framework/Versions/4.1/Resources/library/lme4/libs/lme4.so
0x00007ffb0768a000 	/System/Library/PrivateFrameworks/CMPhoto.framework/Versions/A/CMPhoto
0x00007ff81947e000 	/System/Library/PrivateFrameworks/AppleVPA.framework/Versions/A/AppleVPA
0x00007ff81308f000 	/System/Library/Frameworks/MediaToolbox.framework/Versions/A/MediaToolbox
0x00007ff818927000 	/System/Library/PrivateFrameworks/CoreAVCHD.framework/Versions/A/CoreAVCHD
0x00007ff8177fc000 	/System/Library/Frameworks/MediaAccessibility.framework/Versions/A/MediaAccessibility
0x00007ff818923000 	/System/Library/PrivateFrameworks/Mangrove.framework/Versions/A/Mangrove
0x00007ff810630000 	/System/Library/PrivateFrameworks/AssertionServices.framework/Versions/A/AssertionServices
0x00007ff817807000 	/System/Library/PrivateFrameworks/AlgosScoreFramework.framework/Versions/A/AlgosScoreFramework
0x00007ff818568000 	/System/Library/PrivateFrameworks/CoreAUC.framework/Versions/A/CoreAUC
0x00007ff9107a9000 	/System/Library/Frameworks/Accelerate.framework/Versions/A/Frameworks/vImage.framework/Versions/A/Libraries/libCGInterfaces.dylib
0x0000000114458000 	/Library/Frameworks/R.framework/Versions/4.1/Resources/library/TMB/libs/TMB.so
0x0000000118717000 	/Library/Frameworks/R.framework/Versions/4.1/Resources/library/glmmTMB/libs/glmmTMB.so
0x0000000114953000 	/Library/Frameworks/R.framework/Versions/4.1/Resources/library/yaml/libs/yaml.so
0x0000000114473000 	/Library/Frameworks/R.framework/Versions/4.1/Resources/modules/lapack.so
0x0000000114d0b000 	/Library/Frameworks/R.framework/Versions/4.1/Resources/library/lubridate/libs/lubridate.so
0x0000000114ccb000 	/Library/Frameworks/R.framework/Versions/4.1/Resources/library/dils/libs/dils.so
0x0000000114de0000 	/Library/Frameworks/R.framework/Versions/4.1/Resources/library/jsonlite/libs/jsonlite.so
0x000000011558e000 	/Library/Frameworks/R.framework/Versions/4.1/Resources/library/stringi/libs/stringi.so
0x000000011b36b000 	/Library/Frameworks/R.framework/Versions/4.1/Resources/library/igraph/libs/igraph.so
0x0000000114e0f000 	/Library/Frameworks/R.framework/Versions/4.1/Resources/library/processx/libs/processx.so
0x0000000114e39000 	/Library/Frameworks/R.framework/Versions/4.1/Resources/library/ps/libs/ps.so
0x0000000114e72000 	/Library/Frameworks/R.framework/Versions/4.1/Resources/library/plyr/libs/plyr.so
0x0000000114ea8000 	/Library/Frameworks/R.framework/Versions/4.1/Resources/library/reshape2/libs/reshape2.so
0x000000011466c000 	/System/Library/Frameworks/ApplicationServices.framework/Versions/A/Frameworks/ATS.framework/Versions/A/Resources/ATSHI.dylib
0x00007ff90b24b000 	/System/Library/Frameworks/Carbon.framework/Versions/A/Carbon
0x00007ff81eb30000 	/System/Library/Frameworks/Carbon.framework/Versions/A/Frameworks/CommonPanels.framework/Versions/A/CommonPanels
0x00007ff81ac17000 	/System/Library/Frameworks/Carbon.framework/Versions/A/Frameworks/Help.framework/Versions/A/Help
0x00007ff81eb34000 	/System/Library/Frameworks/Carbon.framework/Versions/A/Frameworks/ImageCapture.framework/Versions/A/ImageCapture
0x00007ff81eb04000 	/System/Library/Frameworks/Carbon.framework/Versions/A/Frameworks/OpenScripting.framework/Versions/A/OpenScripting
0x00007ff81eb2c000 	/System/Library/Frameworks/Carbon.framework/Versions/A/Frameworks/Ink.framework/Versions/A/Ink
0x00007ff90b247000 	/System/Library/Frameworks/Carbon.framework/Versions/A/Frameworks/Print.framework/Versions/A/Print
0x00007ff81eb28000 	/System/Library/Frameworks/Carbon.framework/Versions/A/Frameworks/SecurityHI.framework/Versions/A/SecurityHI
0x00000001150f1000 	/Library/Frameworks/R.framework/Versions/4.1/Resources/library/tidyr/libs/tidyr.so
0x00000001151cd000 	/Library/Internet Plug-Ins/JavaAppletPlugin.plugin/Contents/Home/lib/jli/libjli.dylib
0x00007ff81d1ea000 	/System/Library/Frameworks/Cocoa.framework/Versions/A/Cocoa
0x000000011c9ec000 	/Library/Internet Plug-Ins/JavaAppletPlugin.plugin/Contents/Home/lib/server/libjvm.dylib
0x00000001152e2000 	/Library/Frameworks/R.framework/Versions/4.1/Resources/library/rJava/libs/rJava.so
0x00000001150a5000 	/Library/Internet Plug-Ins/JavaAppletPlugin.plugin/Contents/Home/lib/libverify.dylib
0x0000000115348000 	/Library/Internet Plug-Ins/JavaAppletPlugin.plugin/Contents/Home/lib/libjava.dylib
0x0000000114ca3000 	/Library/Internet Plug-Ins/JavaAppletPlugin.plugin/Contents/Home/lib/libzip.dylib
0x000000012f50a000 	/Library/Frameworks/R.framework/Versions/4.1/Resources/library/survival/libs/survival.so
0x000000012f4c7000 	/Library/Frameworks/R.framework/Versions/4.1/Resources/library/zoo/libs/zoo.so
0x000000012f4e5000 	/Library/Frameworks/R.framework/Versions/4.1/Resources/library/bdsmatrix/libs/bdsmatrix.so
0x000000012f5c6000 	/Library/Frameworks/R.framework/Versions/4.1/Resources/library/coxme/libs/coxme.so
0x000000012f734000 	/Library/Frameworks/R.framework/Versions/4.1/Resources/library/matrixStats/libs/matrixStats.so
0x000000012f6fa000 	/Library/Frameworks/R.framework/Versions/4.1/Resources/library/sm/libs/sm.so
0x000000012f9f1000 	/Library/Frameworks/R.framework/Versions/4.1/Resources/library/mgcv/libs/mgcv.so
0x00007ff80875b000 	/System/Library/PrivateFrameworks/CoreServicesInternal.framework/Versions/A/CoreServicesInternal
0x00007ff818957000 	/System/Library/Frameworks/FileProvider.framework/Versions/A/FileProvider
0x00007ff80c460000 	/System/Library/Frameworks/Accounts.framework/Versions/A/Accounts
0x00007ff818ad0000 	/System/Library/PrivateFrameworks/GenerationalStorage.framework/Versions/A/GenerationalStorage
0x00007ff8195e3000 	/System/Library/PrivateFrameworks/CoreSymbolication.framework/Versions/A/CoreSymbolication
0x00007ff81835b000 	/System/Library/PrivateFrameworks/SymptomDiagnosticReporter.framework/Versions/A/SymptomDiagnosticReporter
0x00007ff809a19000 	/System/Library/PrivateFrameworks/DesktopServicesPriv.framework/Versions/A/DesktopServicesPriv
0x00007ff80889a000 	/usr/lib/libsandbox.1.dylib
0x00007ff80dc6f000 	/System/Library/PrivateFrameworks/UserManagement.framework/Versions/A/UserManagement
0x00007ff8195a8000 	/System/Library/PrivateFrameworks/DebugSymbols.framework/Versions/A/DebugSymbols
0x00007ff8142d4000 	/System/Library/PrivateFrameworks/NetAuth.framework/Versions/A/NetAuth
0x00007ff8151e1000 	/System/Library/PrivateFrameworks/Sharing.framework/Versions/A/Sharing
0x00007ff81a746000 	/System/Library/PrivateFrameworks/Apple80211.framework/Versions/A/Apple80211
0x00007ff810dcf000 	/System/Library/PrivateFrameworks/AuthKit.framework/Versions/A/AuthKit
0x00007ff81041a000 	/System/Library/PrivateFrameworks/CoreUtils.framework/Versions/A/CoreUtils
0x00007ff810341000 	/System/Library/Frameworks/CoreWLAN.framework/Versions/A/CoreWLAN
0x00007ff815340000 	/System/Library/Frameworks/IOBluetooth.framework/Versions/A/IOBluetooth
0x00007ff81a7ae000 	/System/Library/PrivateFrameworks/CoreWiFi.framework/Versions/A/CoreWiFi
0x00007ff81917a000 	/System/Library/PrivateFrameworks/FrontBoardServices.framework/Versions/A/FrontBoardServices
0x00007ff81920b000 	/System/Library/PrivateFrameworks/BoardServices.framework/Versions/A/BoardServices
0x00007ff81a931000 	/System/Library/PrivateFrameworks/BackBoardServices.framework/Versions/A/BackBoardServices
0x00007ff81472e000 	/System/Library/PrivateFrameworks/CorePhoneNumbers.framework/Versions/A/CorePhoneNumbers
0x00007ff818478000 	/System/Library/PrivateFrameworks/DiskManagement.framework/Versions/A/DiskManagement
0x00007ff81838c000 	/System/Library/PrivateFrameworks/AppleIDAuthSupport.framework/Versions/A/AppleIDAuthSupport
0x00007ffa258c1000 	/System/Library/PrivateFrameworks/AAAFoundation.framework/Versions/A/AAAFoundation
0x00007ff81470f000 	/System/Library/PrivateFrameworks/KeychainCircle.framework/Versions/A/KeychainCircle
0x00007ff818444000 	/System/Library/PrivateFrameworks/MediaKit.framework/Versions/A/MediaKit
0x00007ff818398000 	/System/Library/Frameworks/DiscRecording.framework/Versions/A/DiscRecording
0x00007ff811cec000 	/usr/lib/libCoreStorage.dylib
0x00007ff81ac1f000 	/usr/lib/libcsfde.dylib
0x00007ff81540d000 	/System/Library/PrivateFrameworks/ProtectedCloudStorage.framework/Versions/A/ProtectedCloudStorage
0x00007ff81ac1b000 	/System/Library/PrivateFrameworks/EFILogin.framework/Versions/A/EFILogin
0x00007ff818af6000 	/System/Library/PrivateFrameworks/OctagonTrust.framework/Versions/A/OctagonTrust
0x00007ffb0a390000 	/System/Library/PrivateFrameworks/CoreUtilsExtras.framework/Versions/A/CoreUtilsExtras
0x00007ff8182bf000 	/System/Library/Frameworks/CoreBluetooth.framework/Versions/A/CoreBluetooth
0x00007ff81b2a4000 	/System/Library/Frameworks/AudioUnit.framework/Versions/A/AudioUnit
0x00007ff811ce4000 	/usr/lib/libMatch.1.dylib
0x000000012f9cb000 	/usr/lib/libobjc-trampolines.dylib
0x00007ff80d967000 	/System/Library/PrivateFrameworks/ViewBridge.framework/Versions/A/ViewBridge
0x00007ff90b888000 	/System/Library/PrivateFrameworks/AccessibilitySharedSupport.framework/Versions/A/AccessibilitySharedSupport
0x00007ff907a27000 	/usr/lib/libAccessibility.dylib
0x00007ff907a12000 	/System/Library/PrivateFrameworks/AXCoreUtilities.framework/Versions/A/AXCoreUtilities
0x00007ff80dc45000 	/System/Library/PrivateFrameworks/ApplePushService.framework/Versions/A/ApplePushService
0x00007ff80dc94000 	/System/Library/Frameworks/CloudKit.framework/Versions/A/CloudKit
0x00007ff814eb2000 	/System/Library/PrivateFrameworks/IDS.framework/Versions/A/IDS
0x00007ff80c4db000 	/System/Library/PrivateFrameworks/CommonUtilities.framework/Versions/A/CommonUtilities
0x00007ff8125e7000 	/System/Library/PrivateFrameworks/Bom.framework/Versions/A/Bom
0x00007ff814002000 	/usr/lib/libParallelCompression.dylib
0x00007ff811baf000 	/System/Library/PrivateFrameworks/CrashReporterSupport.framework/Versions/A/CrashReporterSupport
0x00007ff81b350000 	/System/Library/PrivateFrameworks/C2.framework/Versions/A/C2
0x00007ff80ec18000 	/System/Library/Frameworks/CoreLocation.framework/Versions/A/CoreLocation
0x00007ffb07891000 	/System/Library/PrivateFrameworks/CloudKitDistributedSync.framework/Versions/A/CloudKitDistributedSync
0x00007ff81b348000 	/System/Library/Frameworks/PushKit.framework/Versions/A/PushKit
0x00007ff91818a000 	/System/Library/PrivateFrameworks/OSAnalytics.framework/Versions/A/OSAnalytics
0x00007ff9232dd000 	/System/Library/PrivateFrameworks/Symbolication.framework/Versions/A/Symbolication
0x00007ff90c1ad000 	/System/Library/PrivateFrameworks/MallocStackLogging.framework/Versions/A/MallocStackLogging
0x00007ff8196b9000 	/System/Library/PrivateFrameworks/CoreTime.framework/Versions/A/CoreTime
0x00007ff81ce42000 	/System/Library/PrivateFrameworks/RTCReporting.framework/Versions/A/RTCReporting
0x00007ff8156d5000 	/System/Library/PrivateFrameworks/GeoServices.framework/Versions/A/GeoServices
0x00007ff813d36000 	/System/Library/PrivateFrameworks/LocationSupport.framework/Versions/A/LocationSupport
0x00007ffb0b90d000 	/System/Library/PrivateFrameworks/GeoServicesCore.framework/Versions/A/GeoServicesCore
0x00007ff907a09000 	/System/Library/PrivateFrameworks/PhoneNumbers.framework/Versions/A/PhoneNumbers
0x00007ff81aba4000 	/System/Library/PrivateFrameworks/RemoteServiceDiscovery.framework/Versions/A/RemoteServiceDiscovery
0x00007ff813cc3000 	/System/Library/PrivateFrameworks/IMFoundation.framework/Versions/A/IMFoundation
0x00007ff90720d000 	/System/Library/PrivateFrameworks/Marco.framework/Versions/A/Marco
0x00007ff815026000 	/System/Library/PrivateFrameworks/IDSFoundation.framework/Versions/A/IDSFoundation
0x00007ff90bde0000 	/System/Library/PrivateFrameworks/FTServices.framework/Versions/A/FTServices
0x00007ff81eaee000 	/System/Library/PrivateFrameworks/Engram.framework/Versions/A/Engram
0x00007ff81ea95000 	/usr/lib/libtidy.A.dylib
0x00007ff9160d2000 	/System/Library/PrivateFrameworks/FTAWD.framework/Versions/A/FTAWD
0x00007ffb1db7c000 	/usr/lib/libRosetta.dylib

VM Arguments:
jvm_args: -Djava.awt.headless=true -Xmx512m -Xrs vfprintf exit -Xss2m 
java_command: <unknown>
java_class_path (initial): /Library/Frameworks/R.framework/Versions/4.1/Resources/library/rJava/java/boot
Launcher Type: generic

Environment Variables:
PATH=/usr/bin:/bin:/usr/sbin:/sbin:/usr/local/bin:/opt/X11/bin:/Library/Apple/usr/bin:/Applications/RStudio.app/Contents/MacOS/postback:/Applications/RStudio.app/Contents/MacOS/postback:/Applications/RStudio.app/Contents/MacOS/postback:/Applications/RStudio.app/Contents/MacOS/postback:/Applications/RStudio.app/Contents/MacOS/postback
LD_LIBRARY_PATH=
SHELL=/bin/zsh
DISPLAY=/private/tmp/com.apple.launchd.vprVgFSYHz/org.xquartz:0
DYLD_LIBRARY_PATH=/Library/Internet Plug-Ins/JavaAppletPlugin.plugin/Contents/Home/lib/server
DYLD_FALLBACK_LIBRARY_PATH=/Library/Frameworks/R.framework/Resources/lib:/Users/camilletestard/lib:/usr/local/lib:/usr/lib:/lib:/Library/Java/JavaVirtualMachines/jdk1.8.0_241.jdk/Contents/Home/jre/lib/server:/var/folders/ch/bd0bjnwx7jldm92w4lqgdwh40000gn/T/rstudio-fallback-library-path-uGkUxG

Signal Handlers:
SIGSEGV: [libjvm.dylib+0x59cd83], sa_mask[0]=11111111111111111111111111111111, sa_flags=SA_ONSTACK|SA_RESTART|SA_SIGINFO
SIGBUS: [libjvm.dylib+0x59cd83], sa_mask[0]=11111111111111111111111111111111, sa_flags=SA_RESTART|SA_SIGINFO
SIGFPE: [libjvm.dylib+0x59cd83], sa_mask[0]=11111111111111111111111111111111, sa_flags=SA_RESTART|SA_SIGINFO
SIGPIPE: [libjvm.dylib+0x4905a7], sa_mask[0]=11111111111111111111111111111111, sa_flags=SA_RESTART|SA_SIGINFO
SIGXFSZ: [libjvm.dylib+0x4905a7], sa_mask[0]=11111111111111111111111111111111, sa_flags=SA_RESTART|SA_SIGINFO
SIGILL: [libjvm.dylib+0x59cd83], sa_mask[0]=11111111111111111111111111111111, sa_flags=SA_RESTART|SA_SIGINFO
SIGUSR1: SIG_IGN, sa_mask[0]=00000000000000000000000000000000, sa_flags=none
SIGUSR2: [libjvm.dylib+0x490ea2], sa_mask[0]=10000000000000000000000000000000, sa_flags=SA_RESTART|SA_SIGINFO
SIGHUP: SIG_DFL, sa_mask[0]=00000000000000000000000000000000, sa_flags=none
SIGINT: [rsession+0x175980], sa_mask[0]=00000000000000000000000000000000, sa_flags=SA_RESTART
SIGTERM: SIG_DFL, sa_mask[0]=00000000000000000000000000000000, sa_flags=none
SIGQUIT: SIG_DFL, sa_mask[0]=00000000000000000000000000000000, sa_flags=none


---------------  S Y S T E M  ---------------

OS:Bsduname:Darwin 21.4.0 Darwin Kernel Version 21.4.0: Fri Mar 18 00:47:26 PDT 2022; root:xnu-8020.101.4~15/RELEASE_ARM64_T8101 x86_64
rlimit: STACK 8176k, CORE 0k, NPROC 2666, NOFILE 10240, AS infinity
load average:3.13 2.19 2.19

CPU:total 8 (initial active 8) (1 cores per cpu, 1 threads per core) family 6 model 44 stepping 0, cmov, cx8, fxsr, mmx, sse, sse2, sse3, ssse3, sse4.1, sse4.2, popcnt, aes, clmul, tsc, tscinvbit, tscinv

Memory: 4k page, physical 16777216k(18416k free)

/proc/meminfo:


vm_info: Java HotSpot(TM) 64-Bit Server VM (25.321-b07) for bsd-amd64 JRE (1.8.0_321-b07), built on Dec 15 2021 19:12:29 by "java_re" with gcc 4.2.1 Compatible Apple LLVM 11.0.0 (clang-1100.0.33.17)

time: Wed Jun 29 14:14:22 2022
timezone: BST
elapsed time: 20797.896989 seconds (0d 5h 46m 37s)

